[2012-01-20 11:05:13] request.ERROR: Symfony\Component\HttpKernel\Exception\NotFoundHttpException: No route found for "GET /images/beach.jpg" (uncaught exception) at /home/helloises/symfony2/Symfony/app/cache/prod/classes.php line 4560 [] []
[2012-01-20 11:16:07] request.ERROR: Symfony\Component\HttpKernel\Exception\NotFoundHttpException: No route found for "GET /images/beach.jpg" (uncaught exception) at /home/helloises/symfony2/Symfony/app/cache/prod/classes.php line 4560 [] []
[2012-01-20 11:28:04] request.ERROR: Symfony\Component\HttpKernel\Exception\NotFoundHttpException: No route found for "GET /images/beach.jpg" (uncaught exception) at /home/helloises/symfony2/Symfony/app/cache/prod/classes.php line 4560 [] []
[2012-01-20 11:28:55] request.ERROR: Symfony\Component\HttpKernel\Exception\NotFoundHttpException: No route found for "GET /images/beach.jpg" (uncaught exception) at /home/helloises/symfony2/Symfony/app/cache/prod/classes.php line 4560 [] []
[2012-01-20 11:44:01] request.ERROR: Symfony\Component\HttpKernel\Exception\NotFoundHttpException: No route found for "GET /images/beach.jpg" (uncaught exception) at /home/helloises/symfony2/Symfony/app/cache/prod/classes.php line 4560 [] []
[2012-01-20 11:44:34] request.ERROR: Symfony\Component\HttpKernel\Exception\NotFoundHttpException: No route found for "GET /images/beach.jpg" (uncaught exception) at /home/helloises/symfony2/Symfony/app/cache/prod/classes.php line 4560 [] []
[2012-01-20 13:41:11] request.ERROR: Symfony\Component\HttpKernel\Exception\NotFoundHttpException: No route found for "GET /images/pool_leak.jpg" (uncaught exception) at /home/helloises/symfony2/Symfony/app/cache/prod/classes.php line 4560 [] []
[2012-01-20 13:41:11] request.ERROR: Symfony\Component\HttpKernel\Exception\NotFoundHttpException: No route found for "GET /images/misdirection.jpg" (uncaught exception) at /home/helloises/symfony2/Symfony/app/cache/prod/classes.php line 4560 [] []
[2012-01-20 13:41:11] request.ERROR: Symfony\Component\HttpKernel\Exception\NotFoundHttpException: No route found for "GET /images/the_grid.jpg" (uncaught exception) at /home/helloises/symfony2/Symfony/app/cache/prod/classes.php line 4560 [] []
[2012-01-20 13:41:11] request.ERROR: Symfony\Component\HttpKernel\Exception\NotFoundHttpException: No route found for "GET /images/one_or_zero.jpg" (uncaught exception) at /home/helloises/symfony2/Symfony/app/cache/prod/classes.php line 4560 [] []
[2012-01-20 13:46:10] request.ERROR: Symfony\Component\HttpKernel\Exception\NotFoundHttpException: No route found for "GET /images/pool_leak.jpg" (uncaught exception) at /home/helloises/symfony2/Symfony/app/cache/prod/classes.php line 4560 [] []
[2012-01-23 09:30:31] request.ERROR: Symfony\Component\HttpKernel\Exception\NotFoundHttpException: No route found for "GET /images/misdirection.jpg" (uncaught exception) at /home/helloises/symfony2/Symfony/app/cache/prod/classes.php line 4560 [] []
[2012-01-23 09:30:31] request.ERROR: Symfony\Component\HttpKernel\Exception\NotFoundHttpException: No route found for "GET /images/the_grid.jpg" (uncaught exception) at /home/helloises/symfony2/Symfony/app/cache/prod/classes.php line 4560 [] []
[2012-01-23 09:30:31] request.ERROR: Symfony\Component\HttpKernel\Exception\NotFoundHttpException: No route found for "GET /images/one_or_zero.jpg" (uncaught exception) at /home/helloises/symfony2/Symfony/app/cache/prod/classes.php line 4560 [] []
[2012-01-23 09:30:31] request.ERROR: Symfony\Component\HttpKernel\Exception\NotFoundHttpException: No route found for "GET /images/pool_leak.jpg" (uncaught exception) at /home/helloises/symfony2/Symfony/app/cache/prod/classes.php line 4560 [] []
[2012-01-23 09:35:29] request.ERROR: Symfony\Component\HttpKernel\Exception\NotFoundHttpException: No route found for "GET /images/misdirection.jpg" (uncaught exception) at /home/helloises/symfony2/Symfony/app/cache/prod/classes.php line 4560 [] []
[2012-01-23 09:38:57] request.ERROR: Symfony\Component\HttpKernel\Exception\NotFoundHttpException: No route found for "GET /images/the_grid.jpg" (uncaught exception) at /home/helloises/symfony2/Symfony/app/cache/prod/classes.php line 4560 [] []
[2012-01-23 09:38:57] request.ERROR: Symfony\Component\HttpKernel\Exception\NotFoundHttpException: No route found for "GET /images/misdirection.jpg" (uncaught exception) at /home/helloises/symfony2/Symfony/app/cache/prod/classes.php line 4560 [] []
[2012-01-23 09:38:57] request.ERROR: Symfony\Component\HttpKernel\Exception\NotFoundHttpException: No route found for "GET /images/one_or_zero.jpg" (uncaught exception) at /home/helloises/symfony2/Symfony/app/cache/prod/classes.php line 4560 [] []
[2012-01-23 09:38:57] request.ERROR: Symfony\Component\HttpKernel\Exception\NotFoundHttpException: No route found for "GET /images/pool_leak.jpg" (uncaught exception) at /home/helloises/symfony2/Symfony/app/cache/prod/classes.php line 4560 [] []
[2012-01-23 09:47:13] request.ERROR: Symfony\Component\HttpKernel\Exception\NotFoundHttpException: No route found for "GET /images/pool_leak.jpg" (uncaught exception) at /home/helloises/symfony2/Symfony/app/cache/prod/classes.php line 4560 [] []
[2012-01-23 09:47:13] request.ERROR: Symfony\Component\HttpKernel\Exception\NotFoundHttpException: No route found for "GET /images/one_or_zero.jpg" (uncaught exception) at /home/helloises/symfony2/Symfony/app/cache/prod/classes.php line 4560 [] []
[2012-01-23 09:47:13] request.ERROR: Symfony\Component\HttpKernel\Exception\NotFoundHttpException: No route found for "GET /images/misdirection.jpg" (uncaught exception) at /home/helloises/symfony2/Symfony/app/cache/prod/classes.php line 4560 [] []
[2012-01-23 09:47:13] request.ERROR: Symfony\Component\HttpKernel\Exception\NotFoundHttpException: No route found for "GET /images/the_grid.jpg" (uncaught exception) at /home/helloises/symfony2/Symfony/app/cache/prod/classes.php line 4560 [] []
[2012-01-23 09:47:15] request.ERROR: Symfony\Component\HttpKernel\Exception\NotFoundHttpException: No route found for "GET /images/pool_leak.jpg" (uncaught exception) at /home/helloises/symfony2/Symfony/app/cache/prod/classes.php line 4560 [] []
[2012-01-23 09:47:15] request.ERROR: Symfony\Component\HttpKernel\Exception\NotFoundHttpException: No route found for "GET /images/misdirection.jpg" (uncaught exception) at /home/helloises/symfony2/Symfony/app/cache/prod/classes.php line 4560 [] []
[2012-01-23 09:47:15] request.ERROR: Symfony\Component\HttpKernel\Exception\NotFoundHttpException: No route found for "GET /images/the_grid.jpg" (uncaught exception) at /home/helloises/symfony2/Symfony/app/cache/prod/classes.php line 4560 [] []
[2012-01-23 09:47:15] request.ERROR: Symfony\Component\HttpKernel\Exception\NotFoundHttpException: No route found for "GET /images/one_or_zero.jpg" (uncaught exception) at /home/helloises/symfony2/Symfony/app/cache/prod/classes.php line 4560 [] []
[2012-01-23 09:48:25] request.ERROR: Symfony\Component\HttpKernel\Exception\NotFoundHttpException: No route found for "GET /images/the_grid.jpg" (uncaught exception) at /home/helloises/symfony2/Symfony/app/cache/prod/classes.php line 4560 [] []
[2012-01-23 09:48:25] request.ERROR: Symfony\Component\HttpKernel\Exception\NotFoundHttpException: No route found for "GET /images/one_or_zero.jpg" (uncaught exception) at /home/helloises/symfony2/Symfony/app/cache/prod/classes.php line 4560 [] []
[2012-01-25 14:37:37] request.ERROR: Symfony\Component\HttpKernel\Exception\NotFoundHttpException: No route found for "GET /app.dev.php" (uncaught exception) at /home/helloises/symfony2/Symfony/vendor/symfony/src/Symfony/Bundle/FrameworkBundle/EventListener/RouterListener.php line 83 [] []
[2012-01-25 14:43:37] request.INFO: Matched route "BloggerBlogBundle_blog_show" (parameters: "_controller": "Blogger\BlogBundle\Controller\BlogController::showAction", "id": "51", "slug": "a-day-with-symfony2", "_route": "BloggerBlogBundle_blog_show") [] []
[2012-01-25 14:43:37] request.CRITICAL: RuntimeException: Controller "Blogger\BlogBundle\Controller\BlogController::showAction()" requires that you provide a value for the "$comments" argument (because there is no default value or because there is a non optional argument after this one). (uncaught exception) at /home/helloises/symfony2/Symfony/app/cache/prod/classes.php line 4124 [] []
[2012-01-26 12:11:49] request.INFO: Matched route "BloggerBlogBundle_blog_show" (parameters: "_controller": "Blogger\BlogBundle\Controller\BlogController::showAction", "id": "51", "slug": "a-day-with-symfony2", "_route": "BloggerBlogBundle_blog_show") [] []
[2012-01-26 12:11:49] request.CRITICAL: RuntimeException: Controller "Blogger\BlogBundle\Controller\BlogController::showAction()" requires that you provide a value for the "$comments" argument (because there is no default value or because there is a non optional argument after this one). (uncaught exception) at /home/helloises/symfony2/Symfony/app/cache/prod/classes.php line 4124 [] []
[2012-01-27 14:26:55] request.INFO: Matched route "BloggerBlogBundle_blog_show" (parameters: "_controller": "Blogger\BlogBundle\Controller\BlogController::showAction", "id": "52", "slug": "the-pool-on-the-roof-must-have-a-leak", "_route": "BloggerBlogBundle_blog_show") [] []
[2012-01-27 14:26:55] request.CRITICAL: RuntimeException: Controller "Blogger\BlogBundle\Controller\BlogController::showAction()" requires that you provide a value for the "$comments" argument (because there is no default value or because there is a non optional argument after this one). (uncaught exception) at /home/helloises/symfony2/Symfony/app/cache/prod/classes.php line 4124 [] []
[2012-01-30 11:50:14] request.ERROR: Symfony\Component\HttpKernel\Exception\NotFoundHttpException: No route found for "GET /index.php" (uncaught exception) at /home/helloises/symfony2/Symfony/app/cache/prod/classes.php line 4560 [] []
[2012-01-31 12:53:28] request.INFO: Matched route "BloggerBlogBundle_blog_show" (parameters: "_controller": "Blogger\BlogBundle\Controller\BlogController::showAction", "id": "54", "slug": "the-grid-a-digital-frontier", "_route": "BloggerBlogBundle_blog_show") [] []
[2012-01-31 12:53:28] request.CRITICAL: RuntimeException: Controller "Blogger\BlogBundle\Controller\BlogController::showAction()" requires that you provide a value for the "$comments" argument (because there is no default value or because there is a non optional argument after this one). (uncaught exception) at /home/helloises/symfony2/Symfony/app/cache/prod/classes.php line 4124 [] []
[2012-01-31 12:53:59] request.INFO: Matched route "BloggerBlogBundle_blog_show" (parameters: "_controller": "Blogger\BlogBundle\Controller\BlogController::showAction", "id": "51", "slug": "a-day-with-symfony2", "_route": "BloggerBlogBundle_blog_show") [] []
[2012-01-31 12:53:59] request.CRITICAL: RuntimeException: Controller "Blogger\BlogBundle\Controller\BlogController::showAction()" requires that you provide a value for the "$comments" argument (because there is no default value or because there is a non optional argument after this one). (uncaught exception) at /home/helloises/symfony2/Symfony/app/cache/prod/classes.php line 4124 [] []
[2012-01-31 12:54:27] request.INFO: Matched route "BloggerBlogBundle_blog_show" (parameters: "_controller": "Blogger\BlogBundle\Controller\BlogController::showAction", "id": "51", "slug": "a-day-with-symfony2", "_route": "BloggerBlogBundle_blog_show") [] []
[2012-01-31 12:54:27] request.CRITICAL: RuntimeException: Controller "Blogger\BlogBundle\Controller\BlogController::showAction()" requires that you provide a value for the "$comments" argument (because there is no default value or because there is a non optional argument after this one). (uncaught exception) at /home/helloises/symfony2/Symfony/app/cache/prod/classes.php line 4124 [] []
